Resolving dependencies...
Downloading packages...
  file_saver 0.2.14 (0.4.0 available)
  flutter_lints 4.0.0 (6.0.0 available)
  flutter_secure_storage_darwin 0.3.2 (0.4.0 available)
  hooks 2.0.2 (2.1.0 available)
  lints 4.0.0 (6.1.0 available)
  matcher 0.12.19 (0.12.20 available)
  meta 1.18.0 (1.19.0 available)
  package_config 2.2.0 (3.0.0 available)
  record_use 0.6.0 (1.0.0 available)
  share_plus 13.2.0 (13.3.0 available)
  share_plus_platform_interface 7.1.0 (7.2.0 available)
  test_api 0.7.11 (0.7.13 available)
  uuid 4.5.3 (4.6.0 available)
  vector_math 2.2.0 (2.4.1 available)
Got dependencies!
14 packages have newer versions incompatible with dependency constraints.
Try `flutter pub outdated` for more information.
Building Windows application...                                   118.8s
√ Built build\windows\x64\runner\Release\Router1.exe
